This is pdfTeX, Version 3.14159265-2.6-1.40.16 (MiKTeX 2.9 64-bit) (preloaded format=pdflatex 2016.4.26)  26 APR 2016 16:43
entering extended mode
**./authorea_paper.tex
(authorea_paper.tex
LaTeX2e <2015/10/01> patch level 2
Babel <3.9n> and hyphenation patterns for 69 languages loaded.
(C:/Users/mmyetisi/Documents/GitHub/Up-Scaling-DEM-Simulations/preamble.tex

! LaTeX Error: File `elsarticle.cls' not found.

Type X to quit or <RETURN> to proceed,
or enter new name. (Default extension: cls)

Enter file name: 
! Emergency stop.
<read *> 
         
l.3 \usepackage
               {amsmath}
End of file on the terminal!

 
Here is how much of TeX's memory you used:
 14 strings out of 493634
 401 string characters out of 3143735
 52604 words of memory out of 3000000
 3494 multiletter control sequences out of 15000+200000
 3640 words of font info for 14 fonts, out of 3000000 for 9000
 1025 hyphenation exceptions out of 8191
 12i,0n,7p,157b,8s stack positions out of 5000i,500n,10000p,200000b,50000s
!  ==> Fatal error occurred, no output PDF file produced!
